<?xml version="1.0" encoding="UTF-8"?>
<testng-results skipped="0" failed="0" ignored="0" total="1" passed="1">
  <reporter-output>
  </reporter-output>
  <suite name="Default suite" duration-ms="5638" started-at="2022-11-30T21:09:01Z" finished-at="2022-11-30T21:09:06Z">
    <groups>
    </groups>
    <test name="Default test" duration-ms="5638" started-at="2022-11-30T21:09:01Z" finished-at="2022-11-30T21:09:06Z">
      <class name="test.AddContactTest">
        <test-method status="PASS" signature="UserShouldAbleToAddCustomer()[pri:0, instance:test.AddContactTest@2ef5e5e3]" name="UserShouldAbleToAddCustomer" duration-ms="5620" started-at="2022-11-30T15:09:01Z" finished-at="2022-11-30T15:09:06Z">
          <reporter-output>
          </reporter-output>
        </test-method> <!-- UserShouldAbleToAddCustomer -->
      </class> <!-- test.AddContactTest -->
    </test> <!-- Default test -->
  </suite> <!-- Default suite -->
</testng-results>
